Build started 11/24/2014 1:32:56 AM.
     1>Project "C:\Users\Simon\Desktop\g\pong\NYUCodebase\NYUCodebase.vcxproj" on node 2 (Build target(s)).
     1>ClCompile:
         C:\Program Files (x86)\Microsoft Visual Studio 12.0\VC\bin\CL.exe /c /IC:\SDL2\include /IC:\SDL2_image\include /ZI /nologo /W3 /WX- /sdl /Od /Oy- /D _MBCS /Gm /EHsc /RTC1 /MDd /GS /fp:precise /Zc:wchar_t /Zc:forScope /Fo"Debug\\" /Fd"Debug\vc120.pdb" /Gd /TP /analyze- /errorReport:prompt main.cpp
         main.cpp
     1>c:\users\simon\desktop\g\pong\nyucodebase\main.cpp(74): warning C4244: 'initializing' : conversion from 'double' to 'GLfloat', possible loss of data
     1>c:\users\simon\desktop\g\pong\nyucodebase\main.cpp(111): warning C4305: '=' : truncation from 'double' to 'float'
     1>c:\users\simon\desktop\g\pong\nyucodebase\main.cpp(113): warning C4305: '=' : truncation from 'double' to 'float'
     1>c:\users\simon\desktop\g\pong\nyucodebase\main.cpp(114): warning C4305: '=' : truncation from 'double' to 'float'
     1>c:\users\simon\desktop\g\pong\nyucodebase\main.cpp(153): warning C4305: '=' : truncation from 'double' to 'float'
     1>c:\users\simon\desktop\g\pong\nyucodebase\main.cpp(158): warning C4305: '=' : truncation from 'double' to 'float'
     1>c:\users\simon\desktop\g\pong\nyucodebase\main.cpp(176): warning C4305: '=' : truncation from 'double' to 'float'
     1>c:\users\simon\desktop\g\pong\nyucodebase\main.cpp(178): warning C4305: '=' : truncation from 'double' to 'float'
     1>c:\users\simon\desktop\g\pong\nyucodebase\main.cpp(179): warning C4305: '=' : truncation from 'double' to 'float'
     1>c:\users\simon\desktop\g\pong\nyucodebase\main.cpp(182): warning C4305: '=' : truncation from 'double' to 'float'
     1>c:\users\simon\desktop\g\pong\nyucodebase\main.cpp(186): warning C4305: '=' : truncation from 'double' to 'float'
     1>c:\users\simon\desktop\g\pong\nyucodebase\main.cpp(188): warning C4305: '=' : truncation from 'double' to 'float'
     1>c:\users\simon\desktop\g\pong\nyucodebase\main.cpp(189): warning C4305: '=' : truncation from 'double' to 'float'
     1>c:\users\simon\desktop\g\pong\nyucodebase\main.cpp(192): warning C4305: '=' : truncation from 'double' to 'float'
     1>c:\users\simon\desktop\g\pong\nyucodebase\main.cpp(198): warning C4305: '=' : truncation from 'double' to 'float'
     1>c:\users\simon\desktop\g\pong\nyucodebase\main.cpp(207): warning C4305: '=' : truncation from 'double' to 'float'
     1>c:\users\simon\desktop\g\pong\nyucodebase\main.cpp(231): warning C4305: 'argument' : truncation from 'double' to 'GLclampf'
     1>c:\users\simon\desktop\g\pong\nyucodebase\main.cpp(272): warning C4305: '=' : truncation from 'double' to 'float'
     1>c:\users\simon\desktop\g\pong\nyucodebase\main.cpp(276): warning C4305: '=' : truncation from 'double' to 'float'
     1>c:\users\simon\desktop\g\pong\nyucodebase\main.cpp(280): warning C4305: '=' : truncation from 'double' to 'float'
     1>c:\users\simon\desktop\g\pong\nyucodebase\main.cpp(284): warning C4305: '=' : truncation from 'double' to 'float'
       Link:
         C:\Program Files (x86)\Microsoft Visual Studio 12.0\VC\bin\link.exe /ERRORREPORT:PROMPT /OUT:"C:\Users\Simon\Desktop\g\pong\Debug\NYUCodebase.exe" /INCREMENTAL /NOLOGO /LIBPATH:C:\SDL2\lib\x86 /LIBPATH:C:\SDL2_image\lib\x86 SDL2.lib SDL2main.lib SDL2_image.lib OpenGL32.lib /MANIFEST /MANIFESTUAC:"level='asInvoker' uiAccess='false'" /manifest:embed /DEBUG /PDB:"C:\Users\Simon\Desktop\g\pong\Debug\NYUCodebase.pdb" /SUBSYSTEM:WINDOWS /TLBID:1 /DYNAMICBASE /NXCOMPAT /IMPLIB:"C:\Users\Simon\Desktop\g\pong\Debug\NYUCodebase.lib" /MACHINE:X86 Debug\main.obj
         NYUCodebase.vcxproj -> C:\Users\Simon\Desktop\g\pong\Debug\NYUCodebase.exe
     1>Done Building Project "C:\Users\Simon\Desktop\g\pong\NYUCodebase\NYUCodebase.vcxproj" (Build target(s)).

Build succeeded.

Time Elapsed 00:00:01.45
